<?xml version="1.0" encoding="UTF-8"?>
<testng-results skipped="0" failed="1" total="1" passed="0">
  <reporter-output>
  </reporter-output>
  <suite name="Suite" duration-ms="44164" started-at="2019-05-07T17:27:56Z" finished-at="2019-05-07T17:28:40Z">
    <groups>
    </groups>
    <test name="Test" duration-ms="44164" started-at="2019-05-07T17:27:56Z" finished-at="2019-05-07T17:28:40Z">
      <class name="com.testScripts.IndegeneTestScripts1">
        <test-method status="PASS" signature="setUpSuiteDetails(org.testng.ITestContext)[pri:0, instance:com.testScripts.IndegeneTestScripts1@9629756]" name="setUpSuiteDetails" is-config="true" duration-ms="147" started-at="2019-05-07T22:57:56Z" finished-at="2019-05-07T22:57:56Z">
          <params>
            <param index="0">
              <value>
                <![CDATA[org.testng.TestRunner@6ecd665]]>
              </value>
            </param>
          </params>
          <reporter-output>
          </reporter-output>
        </test-method> <!-- setUpSuiteDetails -->
        <test-method status="PASS" signature="BeforeClass()[pri:0, instance:com.testScripts.IndegeneTestScripts1@9629756]" name="BeforeClass" is-config="true" duration-ms="2061" started-at="2019-05-07T22:57:56Z" finished-at="2019-05-07T22:57:58Z">
          <reporter-output>
          </reporter-output>
        </test-method> <!-- BeforeClass -->
        <test-method status="PASS" signature="captureDesc(java.lang.reflect.Method)[pri:0, instance:com.testScripts.IndegeneTestScripts1@9629756]" name="captureDesc" is-config="true" duration-ms="1" started-at="2019-05-07T22:57:58Z" finished-at="2019-05-07T22:57:58Z">
          <params>
            <param index="0">
              <value>
                <![CDATA[public void com.testScripts.IndegeneTestScripts1.f(java.lang.String) throws java.lang.Exception]]>
              </value>
            </param>
          </params>
          <reporter-output>
          </reporter-output>
        </test-method> <!-- captureDesc -->
        <test-method status="FAIL" signature="f(java.lang.String)[pri:0, instance:com.testScripts.IndegeneTestScripts1@9629756]" name="f" duration-ms="41287" started-at="2019-05-07T22:57:58Z" description="Scenario:1 - Test Login Functionality and Tools drawers Content " finished-at="2019-05-07T22:58:39Z">
          <params>
            <param index="0">
              <value>
                <![CDATA[1]]>
              </value>
            </param>
          </params>
          <exception class="org.openqa.selenium.WebDriverException">
            <message>
              <![CDATA[Returned value cannot be converted to WebElement: {element-6066-11e4-a52e-4f735466cecf=0c8cffd3-ba52-407c-b0c0-8d0b07b03d4d}
Build info: version: '3.12.0', revision: '7c6e0b3', time: '2018-05-08T14:04:26.12Z'
System info: host: 'DESKTOP-8C3UQ7D', ip: '10.0.0.2', os.name: 'Windows 10', os.arch: 'amd64', os.version: '10.0', java.version: '1.8.0_102'
Driver info: driver.version: AndroidDriver]]>
            </message>
            <full-stacktrace>
              <![CDATA[org.openqa.selenium.WebDriverException: Returned value cannot be converted to WebElement: {element-6066-11e4-a52e-4f735466cecf=0c8cffd3-ba52-407c-b0c0-8d0b07b03d4d}
Build info: version: '3.12.0', revision: '7c6e0b3', time: '2018-05-08T14:04:26.12Z'
System info: host: 'DESKTOP-8C3UQ7D', ip: '10.0.0.2', os.name: 'Windows 10', os.arch: 'amd64', os.version: '10.0', java.version: '1.8.0_102'
Driver info: driver.version: AndroidDriver
	at org.openqa.selenium.remote.RemoteWebDriver.findElement(RemoteWebDriver.java:324)
	at io.appium.java_client.DefaultGenericMobileDriver.findElement(DefaultGenericMobileDriver.java:62)
	at io.appium.java_client.AppiumDriver.findElement(AppiumDriver.java:1)
	at io.appium.java_client.android.AndroidDriver.findElement(AndroidDriver.java:1)
	at org.openqa.selenium.remote.RemoteWebDriver.findElementByXPath(RemoteWebDriver.java:419)
	at io.appium.java_client.DefaultGenericMobileDriver.findElementByXPath(DefaultGenericMobileDriver.java:140)
	at io.appium.java_client.AppiumDriver.findElementByXPath(AppiumDriver.java:1)
	at io.appium.java_client.android.AndroidDriver.findElementByXPath(AndroidDriver.java:1)
	at org.openqa.selenium.By$ByXPath.findElement(By.java:353)
	at org.openqa.selenium.remote.RemoteWebDriver.findElement(RemoteWebDriver.java:309)
	at io.appium.java_client.DefaultGenericMobileDriver.findElement(DefaultGenericMobileDriver.java:58)
	at io.appium.java_client.AppiumDriver.findElement(AppiumDriver.java:1)
	at io.appium.java_client.android.AndroidDriver.findElement(AndroidDriver.java:1)
	at com.mobileUtilities_Android.BaseClass_Android.click1(BaseClass_Android.java:365)
	at com.components.Indegene_LoginPage_Components.validateLoginPage_TC1(Indegene_LoginPage_Components.java:30)
	at com.testScripts.IndegeneTestScripts1.f(IndegeneTestScripts1.java:31)
	at sun.reflect.NativeMethodAccessorImpl.invoke0(Native Method)
	at sun.reflect.NativeMethodAccessorImpl.invoke(Unknown Source)
	at sun.reflect.DelegatingMethodAccessorImpl.invoke(Unknown Source)
	at java.lang.reflect.Method.invoke(Unknown Source)
	at org.testng.internal.MethodInvocationHelper.invokeMethod(MethodInvocationHelper.java:86)
	at org.testng.internal.Invoker.invokeMethod(Invoker.java:645)
	at org.testng.internal.Invoker.invokeTestMethod(Invoker.java:822)
	at org.testng.internal.Invoker.invokeTestMethods(Invoker.java:1130)
	at org.testng.internal.TestMethodWorker.invokeTestMethods(TestMethodWorker.java:129)
	at org.testng.internal.TestMethodWorker.run(TestMethodWorker.java:112)
	at org.testng.TestRunner.privateRun(TestRunner.java:782)
	at org.testng.TestRunner.run(TestRunner.java:632)
	at org.testng.SuiteRunner.runTest(SuiteRunner.java:366)
	at org.testng.SuiteRunner.runSequentially(SuiteRunner.java:361)
	at org.testng.SuiteRunner.privateRun(SuiteRunner.java:319)
	at org.testng.SuiteRunner.run(SuiteRunner.java:268)
	at org.testng.SuiteRunnerWorker.runSuite(SuiteRunnerWorker.java:52)
	at org.testng.SuiteRunnerWorker.run(SuiteRunnerWorker.java:86)
	at org.testng.TestNG.runSuitesSequentially(TestNG.java:1244)
	at org.testng.TestNG.runSuitesLocally(TestNG.java:1169)
	at org.testng.TestNG.run(TestNG.java:1064)
	at org.testng.remote.RemoteTestNG.run(RemoteTestNG.java:113)
	at org.testng.remote.RemoteTestNG.initAndRun(RemoteTestNG.java:206)
	at org.testng.remote.RemoteTestNG.main(RemoteTestNG.java:177)
Caused by: java.lang.ClassCastException: java.util.LinkedHashMap cannot be cast to org.openqa.selenium.WebElement
	at org.openqa.selenium.remote.RemoteWebDriver.findElement(RemoteWebDriver.java:322)
	... 39 more
]]>
            </full-stacktrace>
          </exception> <!-- org.openqa.selenium.WebDriverException -->
          <reporter-output>
          </reporter-output>
        </test-method> <!-- f -->
        <test-method status="PASS" signature="afterClass()[pri:0, instance:com.testScripts.IndegeneTestScripts1@9629756]" name="afterClass" is-config="true" duration-ms="784" started-at="2019-05-07T22:58:39Z" finished-at="2019-05-07T22:58:40Z">
          <reporter-output>
          </reporter-output>
        </test-method> <!-- afterClass -->
        <test-method status="PASS" signature="afterSuite()[pri:0, instance:com.testScripts.IndegeneTestScripts1@9629756]" name="afterSuite" is-config="true" duration-ms="2019" started-at="2019-05-07T22:58:40Z" finished-at="2019-05-07T22:58:42Z">
          <reporter-output>
          </reporter-output>
        </test-method> <!-- afterSuite -->
      </class> <!-- com.testScripts.IndegeneTestScripts1 -->
    </test> <!-- Test -->
  </suite> <!-- Suite -->
</testng-results>
